<?xml version="1.0" encoding="UTF-8"?>
<testsuite name="helloworldTest" tests="3" skipped="0" failures="0" errors="0" timestamp="2020-08-03T04:47:10" hostname="THRL-1188" time="0.008">
  <properties/>
  <testcase name="sayHi_should_return_helloworld_with_nine" classname="helloworldTest" time="0.007"/>
  <testcase name="sayHi_should_return_helloworld" classname="helloworldTest" time="0.0"/>
  <testcase name="sayHi_should_return_helloworld_with_kerati" classname="helloworldTest" time="0.0"/>
  <system-out><![CDATA[]]></system-out>
  <system-err><![CDATA[]]></system-err>
</testsuite>
